<?xml version="1.0" encoding="UTF-8"?>
<testng-results ignored="0" total="1" passed="1" failed="0" skipped="0">
  <reporter-output>
  </reporter-output>
  <suite started-at="2020-03-15T04:18:26Z" name="Suite" finished-at="2020-03-15T04:18:30Z" duration-ms="4204">
    <groups>
    </groups>
    <test started-at="2020-03-15T04:18:26Z" name="Test" finished-at="2020-03-15T04:18:30Z" duration-ms="4204">
      <class name="com.jbk.jenkinsDemo.HomePage">
        <test-method is-config="true" signature="beforeMethod()[pri:0, instance:com.jbk.jenkinsDemo.HomePage@1f59a598]" started-at="2020-03-15T04:18:26Z" name="beforeMethod" finished-at="2020-03-15T04:18:30Z" duration-ms="3981" status="PASS">
          <reporter-output>
          </reporter-output>
        </test-method> <!-- beforeMethod -->
        <test-method signature="CheckPageURL()[pri:0, instance:com.jbk.jenkinsDemo.HomePage@1f59a598]" started-at="2020-03-15T04:18:30Z" name="CheckPageURL" finished-at="2020-03-15T04:18:30Z" duration-ms="19" status="PASS">
          <reporter-output>
          </reporter-output>
        </test-method> <!-- CheckPageURL -->
        <test-method is-config="true" signature="afterMethod()[pri:0, instance:com.jbk.jenkinsDemo.HomePage@1f59a598]" started-at="2020-03-15T04:18:30Z" name="afterMethod" finished-at="2020-03-15T04:18:30Z" duration-ms="173" status="PASS">
          <reporter-output>
          </reporter-output>
        </test-method> <!-- afterMethod -->
      </class> <!-- com.jbk.jenkinsDemo.HomePage -->
    </test> <!-- Test -->
  </suite> <!-- Suite -->
</testng-results>
